GROUP,PACKAGE,CLASS,INSTRUCTION_MISSED,INSTRUCTION_COVERED,BRANCH_MISSED,BRANCH_COVERED,LINE_MISSED,LINE_COVERED,COMPLEXITY_MISSED,COMPLEXITY_COVERED,METHOD_MISSED,METHOD_COVERED
mybatis-guice,org.mybatis.guice.session,SqlSessionFactoryProvider,3,14,0,0,2,5,1,3,1,3
mybatis-guice,org.mybatis.guice.session,SqlSessionManagerProvider,7,11,0,0,3,5,1,3,1,3
mybatis-guice,org.mybatis.guice.datasource.c3p0,C3p0DataSourceProvider,32,175,0,4,4,68,0,32,0,30
mybatis-guice,org.mybatis.guice.mappers,MapperProvider,11,27,1,1,2,9,2,4,1,4
mybatis-guice,org.mybatis.guice.datasource.builtin,JndiDataSourceProvider,0,46,0,0,0,13,0,5,0,5
mybatis-guice,org.mybatis.guice.datasource.builtin,PooledDataSourceProvider,16,77,0,0,2,29,0,14,0,14
mybatis-guice,org.mybatis.guice.datasource.builtin,UnpooledDataSourceProvider,16,43,0,0,2,15,0,7,0,7
mybatis-guice,org.mybatis.guice.configuration.settings,MultipleResultSetsEnabledConfigurationSetting,0,11,0,0,0,5,0,2,0,2
mybatis-guice,org.mybatis.guice.configuration.settings,TypeHandlerConfigurationSettingProvider,0,19,0,0,0,5,0,2,0,2
mybatis-guice,org.mybatis.guice.configuration.settings,InterceptorConfigurationSettingProvider.new ConfigurationSetting() {...},0,14,0,0,0,3,0,2,0,2
mybatis-guice,org.mybatis.guice.configuration.settings,DefaultExecutorTypeConfigurationSetting,0,11,0,0,0,5,0,2,0,2
mybatis-guice,org.mybatis.guice.configuration.settings,LazyLoadingEnabledConfigurationSetting,0,11,0,0,0,5,0,2,0,2
mybatis-guice,org.mybatis.guice.configuration.settings,UseColumnLabelConfigurationSetting,0,11,0,0,0,5,0,2,0,2
mybatis-guice,org.mybatis.guice.configuration.settings,UseGeneratedKeysConfigurationSetting,0,11,0,0,0,5,0,2,0,2
mybatis-guice,org.mybatis.guice.configuration.settings,AliasConfigurationSetting,0,17,0,0,0,6,0,2,0,2
mybatis-guice,org.mybatis.guice.configuration.settings,LocalCacheScopeConfigurationSetting,0,11,0,0,0,5,0,2,0,2
mybatis-guice,org.mybatis.guice.configuration.settings,ObjectFactoryConfigurationSetting,0,23,0,0,0,7,0,3,0,3
mybatis-guice,org.mybatis.guice.configuration.settings,JavaTypeAndHandlerConfigurationSettingProvider,0,22,0,0,0,5,0,3,0,3
mybatis-guice,org.mybatis.guice.configuration.settings,ObjectFactoryConfigurationSetting.new ConfigurationSetting() {...},0,14,0,0,0,3,0,2,0,2
mybatis-guice,org.mybatis.guice.configuration.settings,JavaTypeAndHandlerConfigurationSettingProvider.Wrapper.new ConfigurationSetting() {...},0,18,0,0,0,3,0,2,0,2
mybatis-guice,org.mybatis.guice.configuration.settings,AggressiveLazyLoadingConfigurationSetting,0,11,0,0,0,5,0,2,0,2
mybatis-guice,org.mybatis.guice.configuration.settings,CacheEnabledConfigurationSetting,0,11,0,0,0,5,0,2,0,2
mybatis-guice,org.mybatis.guice.configuration.settings,DefaultStatementTimeoutConfigurationSetting,0,11,0,0,0,5,0,2,0,2
mybatis-guice,org.mybatis.guice.configuration.settings,AutoMappingBehaviorConfigurationSetting,0,11,0,0,0,5,0,2,0,2
mybatis-guice,org.mybatis.guice.configuration.settings,JavaTypeAndHandlerConfigurationSettingProvider.Wrapper,0,21,0,0,0,6,0,2,0,2
mybatis-guice,org.mybatis.guice.configuration.settings,DefaultScriptingLanguageTypeConfigurationSetting,0,11,0,0,0,5,0,2,0,2
mybatis-guice,org.mybatis.guice.configuration.settings,MapperConfigurationSetting,0,16,0,2,0,6,0,3,0,2
mybatis-guice,org.mybatis.guice.configuration.settings,MapUnderscoreToCamelCaseConfigurationSetting,0,11,0,0,0,5,0,2,0,2
mybatis-guice,org.mybatis.guice.configuration.settings,ObjectWrapperFactoryConfigurationSetting,0,23,0,0,0,7,0,3,0,3
mybatis-guice,org.mybatis.guice.configuration.settings,CallSettersOnNullsConfigurationSetting,0,11,0,0,0,5,0,2,0,2
mybatis-guice,org.mybatis.guice.configuration.settings,InterceptorConfigurationSettingProvider,0,19,0,0,0,5,0,2,0,2
mybatis-guice,org.mybatis.guice.configuration.settings,ObjectWrapperFactoryConfigurationSetting.new ConfigurationSetting() {...},0,14,0,0,0,3,0,2,0,2
mybatis-guice,org.mybatis.guice.configuration.settings,TypeHandlerConfigurationSettingProvider.new ConfigurationSetting() {...},0,15,0,0,0,3,0,2,0,2
mybatis-guice,org.mybatis.guice.transactional,XASqlSessionManager.Token,45,106,7,15,5,29,7,8,0,4
mybatis-guice,org.mybatis.guice.transactional,XASqlSessionManager,1061,290,97,56,95,90,85,15,7,11
mybatis-guice,org.mybatis.guice.transactional,MyBatisXAException,18,0,0,0,7,0,2,0,2,0
mybatis-guice,org.mybatis.guice.transactional,TransactionAttribute.new TransactionAttribute() {...},17,6,2,0,3,1,2,1,1,1
mybatis-guice,org.mybatis.guice.transactional,TransactionAttribute.new TransactionAttribute() {...},15,6,2,0,3,1,2,1,1,1
mybatis-guice,org.mybatis.guice.transactional,TransactionAttribute.new TransactionAttribute() {...},14,58,1,7,6,17,1,6,0,3
mybatis-guice,org.mybatis.guice.transactional,TransactionAttribute.new TransactionAttribute() {...},18,6,2,0,3,1,2,1,1,1
mybatis-guice,org.mybatis.guice.transactional,TransactionAttribute.new TransactionAttribute() {...},27,6,4,0,7,1,4,1,2,1
mybatis-guice,org.mybatis.guice.transactional,TransactionalMethodInterceptor,306,272,20,34,21,59,17,16,0,6
mybatis-guice,org.mybatis.guice.transactional,TransactionAttribute.new TransactionAttribute() {...},0,42,0,6,0,10,0,6,0,3
mybatis-guice,org.mybatis.guice.transactional,TransactionAttribute,16,69,0,0,3,7,5,2,5,2
mybatis-guice,org.mybatis.guice.transactional,TransactionToken,11,39,0,0,5,15,3,7,3,7
mybatis-guice,org.mybatis.guice.transactional,Isolation,5,85,0,0,0,9,1,4,1,4
mybatis-guice,org.mybatis.guice.transactional,TxTransactionalMethodInterceptor,172,119,21,13,24,34,16,3,0,2
mybatis-guice,org.mybatis.guice.transactional,XASqlSessionManager.GlobalKey,44,34,6,4,10,11,6,3,1,3
mybatis-guice,org.mybatis.guice.transactional,XASqlSessionManager.GlobalToken,56,74,6,8,5,20,5,6,0,4
mybatis-guice,org.mybatis.guice.transactional,XASqlSessionManagerProvider,0,9,0,0,0,2,0,2,0,2
mybatis-guice,org.mybatis.guice.transactional,Transactional.TxType,5,73,0,0,0,7,1,3,1,3
mybatis-guice,org.mybatis.guice.configuration,ConfigurationProvider,8,177,0,8,4,47,2,9,2,5
mybatis-guice,org.mybatis.guice,AbstractMyBatisModule.new AbstractMatcher() {...},0,6,0,0,0,2,0,2,0,2
mybatis-guice,org.mybatis.guice,AbstractMyBatisModule.new AbstractMatcher() {...},0,11,0,2,0,2,0,3,0,2
mybatis-guice,org.mybatis.guice,MyBatisModule.new AliasBinder() {...},1,32,1,1,0,4,1,2,0,2
mybatis-guice,org.mybatis.guice,MyBatisModule.new TypeHandlerBinder() {...},4,140,4,4,0,22,4,7,0,7
mybatis-guice,org.mybatis.guice,AbstractMyBatisModule,19,120,0,0,4,24,2,7,2,7
mybatis-guice,org.mybatis.guice,Preconditions,392,6,52,2,87,4,45,2,18,2
mybatis-guice,org.mybatis.guice,MyBatisJtaModule,25,110,3,3,6,25,5,5,2,5
mybatis-guice,org.mybatis.guice,MyBatisJtaModule.ProviderImpl,0,9,0,0,0,4,0,2,0,2
mybatis-guice,org.mybatis.guice,MyBatisModule,29,654,30,40,0,154,30,54,0,49
mybatis-guice,org.mybatis.guice,XMLMyBatisModule,42,126,8,8,7,34,6,8,1,5
mybatis-guice,org.mybatis.guice.datasource.helper,JdbcHelper,9,614,0,0,0,56,2,3,2,3
mybatis-guice,org.mybatis.guice.datasource.helper,JdbcUrlAntFormatter,69,141,8,12,10,32,8,6,1,3
mybatis-guice,org.mybatis.guice.datasource.helper,KeyResolver,6,42,1,1,2,11,2,3,1,3
mybatis-guice,org.mybatis.guice.provision,ConfigurationProviderProvisionListener.new ConfigurationProviderProvisionListener.ConfigurationProviderProvisionAction() {...},0,21,0,0,0,4,0,2,0,2
mybatis-guice,org.mybatis.guice.provision,ConfigurationProviderProvisionListener.new ConfigurationProviderProvisionListener.ConfigurationProviderProvisionAction() {...},0,11,0,0,0,3,0,2,0,2
mybatis-guice,org.mybatis.guice.provision,ConfigurationProviderProvisionListener.new ConfigurationProviderProvisionListener.ConfigurationProviderProvisionAction() {...},0,11,0,0,0,3,0,2,0,2
mybatis-guice,org.mybatis.guice.provision,KeyMatcher,0,17,0,0,0,5,0,3,0,3
mybatis-guice,org.mybatis.guice.provision,ConfigurationProviderProvisionListener,0,45,0,0,0,11,0,5,0,5
mybatis-guice,org.mybatis.guice.environment,EnvironmentProvider,0,25,0,0,0,8,0,5,0,5
mybatis-guice,org.mybatis.guice.type,TypeHandlerProvider,71,82,6,4,11,25,5,7,2,5
mybatis-guice,org.mybatis.guice.datasource.druid,DruidDataSourceProvider,0,163,0,0,0,63,0,32,0,32
mybatis-guice,org.mybatis.guice.datasource.dbcp,BasicDataSourceProvider,5,150,0,2,2,53,1,24,1,23
mybatis-guice,org.mybatis.guice.datasource.dbcp,SharedPoolDataSourceProvider,0,107,0,0,0,41,0,21,0,21
mybatis-guice,org.mybatis.guice.datasource.dbcp,PerUserPoolDataSourceModule.new TypeLiteral() {...},0,3,0,0,0,1,0,1,0,1
mybatis-guice,org.mybatis.guice.datasource.dbcp,PerUserPoolDataSourceModule.Builder,0,50,0,0,0,14,0,8,0,8
mybatis-guice,org.mybatis.guice.datasource.dbcp,PerUserPoolDataSourceModule.new TypeLiteral() {...},0,3,0,0,0,1,0,1,0,1
mybatis-guice,org.mybatis.guice.datasource.dbcp,DriverAdapterCPDSProvider,16,75,0,0,2,29,0,13,0,13
mybatis-guice,org.mybatis.guice.datasource.dbcp,PerUserPoolDataSourceProvider,0,239,0,12,0,65,0,33,0,27
mybatis-guice,org.mybatis.guice.datasource.dbcp,PerUserPoolDataSourceModule,0,79,0,2,0,20,0,5,0,4
mybatis-guice,org.mybatis.guice.datasource.bonecp,BoneCPProvider,0,185,0,0,0,71,0,36,0,36
